<?xml version="1.0" encoding="UTF-8"?>
<coverage generated="1667507766864" clover="3.2.0">
  <project timestamp="1667507766864" name="All files">
    <metrics statements="23" coveredstatements="13" conditionals="13" coveredconditionals="6" methods="8" coveredmethods="5" elements="44" coveredelements="24" complexity="0" loc="23" ncloc="23" packages="1" files="2" classes="2"/>
    <file name="getFullStockListDataDailyChange.ts" path="/Users/albertwilson/Desktop/WebDev/stocktracking/stockwatchlist-server/src/util/getFullStockListDataDailyChange.ts">
      <metrics statements="10" coveredstatements="9" conditionals="3" coveredconditionals="3" methods="5" coveredmethods="4"/>
      <line num="3" count="1" type="stmt"/>
      <line num="5" count="1" type="stmt"/>
      <line num="6" count="2" type="cond" truecount="3" falsecount="0"/>
      <line num="7" count="1" type="stmt"/>
      <line num="10" count="1" type="stmt"/>
      <line num="14" count="1" type="stmt"/>
      <line num="15" count="1" type="stmt"/>
      <line num="22" count="1" type="stmt"/>
      <line num="25" count="0" type="stmt"/>
      <line num="27" count="1" type="stmt"/>
    </file>
    <file name="verifyJWT.ts" path="/Users/albertwilson/Desktop/WebDev/stocktracking/stockwatchlist-server/src/util/verifyJWT.ts">
      <metrics statements="13" coveredstatements="4" conditionals="10" coveredconditionals="3" methods="3" coveredmethods="1"/>
      <line num="1" count="1" type="stmt"/>
      <line num="3" count="1" type="stmt"/>
      <line num="5" count="2" type="cond" truecount="3" falsecount="1"/>
      <line num="6" count="2" type="stmt"/>
      <line num="8" count="0" type="cond" truecount="0" falsecount="4"/>
      <line num="10" count="0" type="cond" truecount="0" falsecount="1"/>
      <line num="11" count="0" type="stmt"/>
      <line num="16" count="0" type="cond" truecount="0" falsecount="1"/>
      <line num="20" count="0" type="stmt"/>
      <line num="21" count="0" type="stmt"/>
      <line num="22" count="0" type="stmt"/>
      <line num="23" count="0" type="stmt"/>
      <line num="24" count="0" type="stmt"/>
    </file>
  </project>
</coverage>
