{"/Users/albertwilson/Desktop/WebDev/stocktracking/stockwatchlist-server/src/util/getFullStockListDataDailyChange.ts": {"path":"/Users/albertwilson/Desktop/WebDev/stocktracking/stockwatchlist-server/src/util/getFullStockListDataDailyChange.ts","statementMap":{"0":{"start":{"line":3,"column":19},"end":{"line":3,"column":43}},"1":{"start":{"line":6,"column":2},"end":{"line":8,"column":null}},"2":{"start":{"line":7,"column":4},"end":{"line":7,"column":69}},"3":{"start":{"line":7,"column":54},"end":{"line":7,"column":66}},"4":{"start":{"line":10,"column":45},"end":{"line":26,"column":6}},"5":{"start":{"line":14,"column":6},"end":{"line":23,"column":null}},"6":{"start":{"line":15,"column":44},"end":{"line":21,"column":null}},"7":{"start":{"line":22,"column":8},"end":{"line":22,"column":29}},"8":{"start":{"line":25,"column":6},"end":{"line":25,"column":16}},"9":{"start":{"line":27,"column":2},"end":{"line":27,"column":19}},"10":{"start":{"line":5,"column":0},"end":{"line":5,"column":24}}},"fnMap":{"0":{"name":"getFullStockListDataDailyChange","decl":{"start":{"line":5,"column":24},"end":{"line":5,"column":55}},"loc":{"start":{"line":5,"column":74},"end":{"line":28,"column":1}}},"1":{"name":"(anonymous_1)","decl":{"start":{"line":7,"column":28},"end":{"line":7,"column":37}},"loc":{"start":{"line":7,"column":52},"end":{"line":7,"column":67}}},"2":{"name":"(anonymous_2)","decl":{"start":{"line":13,"column":12},"end":{"line":13,"column":13}},"loc":{"start":{"line":13,"column":23},"end":{"line":24,"column":5}}},"3":{"name":"(anonymous_3)","decl":{"start":{"line":14,"column":37},"end":{"line":14,"column":38}},"loc":{"start":{"line":14,"column":52},"end":{"line":23,"column":7}}},"4":{"name":"(anonymous_4)","decl":{"start":{"line":24,"column":13},"end":{"line":24,"column":14}},"loc":{"start":{"line":24,"column":27},"end":{"line":26,"column":5}}}},"branchMap":{"0":{"loc":{"start":{"line":6,"column":2},"end":{"line":8,"column":null}},"type":"if","locations":[{"start":{"line":6,"column":2},"end":{"line":8,"column":null}}]},"1":{"loc":{"start":{"line":6,"column":6},"end":{"line":6,"column":54}},"type":"binary-expr","locations":[{"start":{"line":6,"column":6},"end":{"line":6,"column":29}},{"start":{"line":6,"column":33},"end":{"line":6,"column":54}}]}},"s":{"0":1,"1":2,"2":1,"3":1,"4":1,"5":1,"6":1,"7":1,"8":0,"9":1,"10":1},"f":{"0":2,"1":1,"2":1,"3":1,"4":0},"b":{"0":[1],"1":[2,2]}}
,"/Users/albertwilson/Desktop/WebDev/stocktracking/stockwatchlist-server/src/util/verifyJWT.ts": {"path":"/Users/albertwilson/Desktop/WebDev/stocktracking/stockwatchlist-server/src/util/verifyJWT.ts","statementMap":{"0":{"start":{"line":1,"column":12},"end":{"line":1,"column":35}},"1":{"start":{"line":5,"column":4},"end":{"line":13,"column":null}},"2":{"start":{"line":6,"column":6},"end":{"line":6,"column":null}},"3":{"start":{"line":8,"column":20},"end":{"line":8,"column":64}},"4":{"start":{"line":10,"column":6},"end":{"line":12,"column":null}},"5":{"start":{"line":11,"column":8},"end":{"line":11,"column":null}},"6":{"start":{"line":11,"column":68},"end":{"line":11,"column":94}},"7":{"start":{"line":16,"column":6},"end":{"line":19,"column":null}},"8":{"start":{"line":16,"column":15},"end":{"line":19,"column":null}},"9":{"start":{"line":20,"column":6},"end":{"line":20,"column":20}},"10":{"start":{"line":21,"column":6},"end":{"line":21,"column":31}},"11":{"start":{"line":22,"column":6},"end":{"line":22,"column":45}},"12":{"start":{"line":23,"column":6},"end":{"line":23,"column":37}},"13":{"start":{"line":24,"column":6},"end":{"line":24,"column":13}},"14":{"start":{"line":3,"column":0},"end":{"line":3,"column":24}}},"fnMap":{"0":{"name":"verifyJWTtoken","decl":{"start":{"line":3,"column":24},"end":{"line":3,"column":38}},"loc":{"start":{"line":3,"column":53},"end":{"line":27,"column":1}}},"1":{"name":"(anonymous_1)","decl":{"start":{"line":11,"column":50},"end":{"line":11,"column":51}},"loc":{"start":{"line":11,"column":68},"end":{"line":11,"column":94}}},"2":{"name":"handleVerify","decl":{"start":{"line":15,"column":13},"end":{"line":15,"column":25}},"loc":{"start":{"line":15,"column":38},"end":{"line":25,"column":5}}}},"branchMap":{"0":{"loc":{"start":{"line":5,"column":4},"end":{"line":13,"column":null}},"type":"if","locations":[{"start":{"line":5,"column":4},"end":{"line":13,"column":null}},{"start":{"line":7,"column":11},"end":{"line":13,"column":null}}]},"1":{"loc":{"start":{"line":5,"column":8},"end":{"line":5,"column":54}},"type":"binary-expr","locations":[{"start":{"line":5,"column":8},"end":{"line":5,"column":20}},{"start":{"line":5,"column":24},"end":{"line":5,"column":54}}]},"2":{"loc":{"start":{"line":8,"column":20},"end":{"line":8,"column":64}},"type":"cond-expr","locations":[{"start":{"line":8,"column":49},"end":{"line":8,"column":51}},{"start":{"line":8,"column":49},"end":{"line":8,"column":64}}]},"3":{"loc":{"start":{"line":8,"column":20},"end":{"line":8,"column":51}},"type":"binary-expr","locations":[{"start":{"line":8,"column":20},"end":{"line":8,"column":51}},{"start":{"line":8,"column":49},"end":{"line":8,"column":51}}]},"4":{"loc":{"start":{"line":10,"column":6},"end":{"line":12,"column":null}},"type":"if","locations":[{"start":{"line":10,"column":6},"end":{"line":12,"column":null}}]},"5":{"loc":{"start":{"line":16,"column":6},"end":{"line":19,"column":null}},"type":"if","locations":[{"start":{"line":16,"column":6},"end":{"line":19,"column":null}}]}},"s":{"0":1,"1":2,"2":2,"3":0,"4":0,"5":0,"6":0,"7":0,"8":0,"9":0,"10":0,"11":0,"12":0,"13":0,"14":1},"f":{"0":2,"1":0,"2":0},"b":{"0":[2,0],"1":[2,1],"2":[0,0],"3":[0,0],"4":[0],"5":[0]}}
}
