TN:
SF:src/util/getFullStockListDataDailyChange.ts
FN:5,getFullStockListDataDailyChange
FN:7,(anonymous_1)
FN:13,(anonymous_2)
FN:14,(anonymous_3)
FN:24,(anonymous_4)
FNF:5
FNH:4
FNDA:2,getFullStockListDataDailyChange
FNDA:1,(anonymous_1)
FNDA:1,(anonymous_2)
FNDA:1,(anonymous_3)
FNDA:0,(anonymous_4)
DA:3,1
DA:5,1
DA:6,2
DA:7,1
DA:10,1
DA:14,1
DA:15,1
DA:22,1
DA:25,0
DA:27,1
LF:10
LH:9
BRDA:6,0,0,1
BRDA:6,1,0,2
BRDA:6,1,1,2
BRF:3
BRH:3
end_of_record
TN:
SF:src/util/verifyJWT.ts
FN:3,verifyJWTtoken
FN:11,(anonymous_1)
FN:15,handleVerify
FNF:3
FNH:1
FNDA:2,verifyJWTtoken
FNDA:0,(anonymous_1)
FNDA:0,handleVerify
DA:1,1
DA:3,1
DA:5,2
DA:6,2
DA:8,0
DA:10,0
DA:11,0
DA:16,0
DA:20,0
DA:21,0
DA:22,0
DA:23,0
DA:24,0
LF:13
LH:4
BRDA:5,0,0,2
BRDA:5,0,1,0
BRDA:5,1,0,2
BRDA:5,1,1,1
BRDA:8,2,0,0
BRDA:8,2,1,0
BRDA:8,3,0,0
BRDA:8,3,1,0
BRDA:10,4,0,0
BRDA:16,5,0,0
BRF:10
BRH:3
end_of_record
